<?xml version="1.0" encoding="UTF-8"?>
<!-- Generated by org.testng.reporters.JUnitReportReporter -->
<testsuite hostname="LAPTOP-BDOQE7PR" failures="0" tests="1" name="Asssignments.AccountCreateWithGoogle" time="66.729" errors="0" timestamp="2021-10-08T10:06:25 IST" skipped="0">
  <testcase classname="Asssignments.AccountCreateWithGoogle" name="f" time="66.729"/>
  <system-out/>
</testsuite> <!-- Asssignments.AccountCreateWithGoogle -->
