<?xml version="1.0" encoding="UTF-8"?>
<!-- Generated by org.testng.reporters.JUnitReportReporter -->
<testsuite hostname="LAPTOP-BDOQE7PR" failures="0" tests="1" name="Asssignments.size" time="8.861" errors="0" timestamp="2021-10-02T15:24:51 IST" skipped="0">
  <testcase classname="Asssignments.size" name="f" time="8.861"/>
  <system-out/>
</testsuite> <!-- Asssignments.size -->
