<?xml version="1.0" encoding="UTF-8"?>
<!-- Generated by org.testng.reporters.JUnitReportReporter -->
<testsuite hostname="LAPTOP-BDOQE7PR" failures="0" tests="1" name="Asssignments.SendValue" time="1.396" errors="0" timestamp="2021-10-02T15:39:00 IST" skipped="0">
  <testcase classname="Asssignments.SendValue" name="f" time="1.396"/>
  <system-out/>
</testsuite> <!-- Asssignments.SendValue -->
