<?xml version="1.0" encoding="UTF-8"?>
<!-- Generated by org.testng.reporters.JUnitReportReporter -->
<testsuite hostname="LAPTOP-BDOQE7PR" failures="0" tests="1" name="Asssignments.SwitchToNewTab" time="16.970" errors="0" timestamp="2021-10-07T23:03:10 IST" skipped="0">
  <testcase classname="Asssignments.SwitchToNewTab" name="f" time="16.970"/>
  <system-out/>
</testsuite> <!-- Asssignments.SwitchToNewTab -->
