<?xml version="1.0" encoding="UTF-8"?>
<!-- Generated by org.testng.reporters.JUnitReportReporter -->
<testsuite hostname="LAPTOP-BDOQE7PR" failures="0" tests="1" name="Asssignments.readProperties" time="0.011" errors="0" timestamp="2021-10-07T15:05:23 IST" skipped="0">
  <testcase classname="Asssignments.readProperties" name="f" time="0.011"/>
  <system-out/>
</testsuite> <!-- Asssignments.readProperties -->
