<?xml version="1.0" encoding="UTF-8"?>
<!-- Generated by org.testng.reporters.JUnitReportReporter -->
<testsuite hostname="LAPTOP-BDOQE7PR" failures="0" tests="1" name="Asssignments.TakeScrenShot" time="3.608" errors="0" timestamp="2021-10-04T13:04:39 IST" skipped="0">
  <testcase classname="Asssignments.TakeScrenShot" name="f" time="3.608"/>
  <system-out/>
</testsuite> <!-- Asssignments.TakeScrenShot -->
