<?xml version="1.0" encoding="UTF-8"?>
<!-- Generated by org.testng.reporters.JUnitReportReporter -->
<testsuite hostname="LAPTOP-BDOQE7PR" failures="0" tests="1" name="Asssignments.ExtentReprtEg" time="3.472" errors="0" timestamp="2021-10-07T17:17:18 IST" skipped="0">
  <testcase classname="Asssignments.ExtentReprtEg" name="f" time="3.472"/>
  <system-out/>
</testsuite> <!-- Asssignments.ExtentReprtEg -->
