<?xml version="1.0" encoding="UTF-8"?>
<!-- Generated by org.testng.reporters.JUnitReportReporter -->
<testsuite hostname="LAPTOP-BDOQE7PR" failures="0" tests="1" name="Asssignments.ExcelFile" time="1.399" errors="0" timestamp="2021-10-07T22:35:46 IST" skipped="0">
  <testcase classname="Asssignments.ExcelFile" name="readData" time="1.399"/>
  <system-out/>
</testsuite> <!-- Asssignments.ExcelFile -->
