<?xml version="1.0" encoding="UTF-8"?>
<!-- Generated by org.testng.reporters.JUnitReportReporter -->
<testsuite hostname="LAPTOP-BDOQE7PR" failures="0" tests="2" name="Asssignments.DataPara" time="3.665" errors="0" timestamp="2021-10-07T22:44:37 IST" skipped="0">
  <testcase classname="Asssignments.DataPara" name="f" time="1.060"/>
  <system-out/>
  <testcase classname="Asssignments.DataPara" name="f" time="2.605"/>
  <system-out/>
</testsuite> <!-- Asssignments.DataPara -->
