<?xml version="1.0" encoding="UTF-8"?>
<!-- Generated by org.testng.reporters.JUnitReportReporter -->
<testsuite hostname="LAPTOP-BDOQE7PR" failures="0" tests="1" name="Asssignments.scrolling" time="9.198" errors="0" timestamp="2021-10-02T15:31:54 IST" skipped="0">
  <testcase classname="Asssignments.scrolling" name="f" time="9.198"/>
  <system-out/>
</testsuite> <!-- Asssignments.scrolling -->
