<?xml version="1.0" encoding="UTF-8"?>
<!-- Generated by org.testng.reporters.JUnitReportReporter -->
<testsuite hostname="LAPTOP-BDOQE7PR" failures="0" tests="1" name="Asssignments.windowpopup" time="18.871" errors="0" timestamp="2021-10-08T14:36:01 IST" skipped="0">
  <testcase classname="Asssignments.windowpopup" name="f" time="18.871"/>
  <system-out/>
</testsuite> <!-- Asssignments.windowpopup -->
