<?xml version="1.0" encoding="UTF-8"?>
<!-- Generated by org.testng.reporters.JUnitReportReporter -->
<testsuite hostname="LAPTOP-BDOQE7PR" failures="0" tests="1" name="Asssignments.google" time="4.090" errors="0" timestamp="2021-09-29T16:39:56 IST" skipped="0">
  <testcase classname="Asssignments.google" name="f" time="4.090"/>
  <system-out/>
</testsuite> <!-- Asssignments.google -->
