<?xml version="1.0" encoding="UTF-8"?>
<!-- Generated by org.testng.reporters.JUnitReportReporter -->
<testsuite hostname="LAPTOP-BDOQE7PR" failures="0" tests="1" name="StepDefinations.Assignment1" time="0.012" errors="0" timestamp="2021-10-12T11:55:30 IST" skipped="0">
  <testcase classname="StepDefinations.Assignment1" name="f" time="0.012"/>
  <system-out/>
</testsuite> <!-- StepDefinations.Assignment1 -->
