<?xml version="1.0" encoding="UTF-8"?>
<!-- Generated by org.testng.reporters.JUnitReportReporter -->
<testsuite hostname="LAPTOP-BDOQE7PR" failures="0" tests="3" name="StepDefinations.AssignmentNo9" time="6.759" errors="0" timestamp="2021-10-12T17:42:48 IST" skipped="0">
  <testcase classname="StepDefinations.AssignmentNo9" name="validate_status_code" time="0.469"/>
  <system-out/>
  <testcase classname="StepDefinations.AssignmentNo9" name="api_for_website" time="1.112"/>
  <system-out/>
  <testcase classname="StepDefinations.AssignmentNo9" name="performed_some_operation" time="5.178"/>
  <system-out/>
</testsuite> <!-- StepDefinations.AssignmentNo9 -->
