<?xml version="1.0" encoding="UTF-8"?>
<!-- Generated by org.testng.reporters.JUnitReportReporter -->
<testsuite hostname="LAPTOP-BDOQE7PR" failures="0" tests="2" name="StepDefinations.AssignmentNo8" time="3.232" errors="0" timestamp="2021-10-12T16:45:51 IST" skipped="0">
  <testcase classname="StepDefinations.AssignmentNo8" name="PostData" time="0.416"/>
  <system-out/>
  <testcase classname="StepDefinations.AssignmentNo8" name="PostData" time="2.816"/>
  <system-out/>
</testsuite> <!-- StepDefinations.AssignmentNo8 -->
